"C:\Program Files\JetBrains\CLion 2019.3.5\bin\cmake\win\bin\cmake.exe" -DCMAKE_BUILD_TYPE=Debug -G "CodeBlocks - MinGW Makefiles" "C:\Users\rache\Desktop\UTP life\IV año\1° Semestre\Computación gráfica\paisaje"
-- The C compiler identification is GNU 9.2.0
CMake Error at C:/Program Files/JetBrains/CLion 2019.3.5/bin/cmake/win/share/cmake-3.15/Modules/CMakeDetermineCompilerId.cmake:643 (file):
  file STRINGS file "C:/Users/rache/Desktop/UTP life/IV aÃ±o/1Â°
  Semestre/ComputaciÃ³n
  grÃ¡fica/paisaje/cmake-build-debug/CMakeFiles/3.15.3/CompilerIdCXX/a.exe"
  cannot be read.
Call Stack (most recent call first):
  C:/Program Files/JetBrains/CLion 2019.3.5/bin/cmake/win/share/cmake-3.15/Modules/CMakeDetermineCompilerId.cmake:38 (CMAKE_DETERMINE_COMPILER_ID_CHECK)
  C:/Program Files/JetBrains/CLion 2019.3.5/bin/cmake/win/share/cmake-3.15/Modules/CMakeDetermineCXXCompiler.cmake:111 (CMAKE_DETERMINE_COMPILER_ID)
  CMakeLists.txt:3 (project)


CMake Error at C:/Program Files/JetBrains/CLion 2019.3.5/bin/cmake/win/share/cmake-3.15/Modules/CMakeDetermineCompilerId.cmake:724 (file):
  file failed to open for reading (No such file or directory):

    C:/Users/rache/Desktop/UTP life/IV aÃ±o/1Â° Semestre/ComputaciÃ³n grÃ¡fica/paisaje/cmake-build-debug/CMakeFiles/3.15.3/CompilerIdCXX/a.exe
Call Stack (most recent call first):
  C:/Program Files/JetBrains/CLion 2019.3.5/bin/cmake/win/share/cmake-3.15/Modules/CMakeDetermineCompilerId.cmake:38 (CMAKE_DETERMINE_COMPILER_ID_CHECK)
  C:/Program Files/JetBrains/CLion 2019.3.5/bin/cmake/win/share/cmake-3.15/Modules/CMakeDetermineCXXCompiler.cmake:111 (CMAKE_DETERMINE_COMPILER_ID)
  CMakeLists.txt:3 (project)


CMake Error at C:/Program Files/JetBrains/CLion 2019.3.5/bin/cmake/win/share/cmake-3.15/Modules/CMakeDetermineCompilerId.cmake:727 (string):
  string begin index: 1 is out of range 0 - 0
Call Stack (most recent call first):
  C:/Program Files/JetBrains/CLion 2019.3.5/bin/cmake/win/share/cmake-3.15/Modules/CMakeDetermineCompilerId.cmake:38 (CMAKE_DETERMINE_COMPILER_ID_CHECK)
  C:/Program Files/JetBrains/CLion 2019.3.5/bin/cmake/win/share/cmake-3.15/Modules/CMakeDetermineCXXCompiler.cmake:111 (CMAKE_DETERMINE_COMPILER_ID)
  CMakeLists.txt:3 (project)


CMake Error at C:/Program Files/JetBrains/CLion 2019.3.5/bin/cmake/win/share/cmake-3.15/Modules/CMakeDetermineCompilerId.cmake:735 (math):
  math cannot parse the expression: " * 16 + ": syntax error, unexpected
  exp_TIMES, expecting exp_PLUS or exp_MINUS or exp_OPENPARENT or exp_NUMBER
  (2).
Call Stack (most recent call first):
  C:/Program Files/JetBrains/CLion 2019.3.5/bin/cmake/win/share/cmake-3.15/Modules/CMakeDetermineCompilerId.cmake:38 (CMAKE_DETERMINE_COMPILER_ID_CHECK)
  C:/Program Files/JetBrains/CLion 2019.3.5/bin/cmake/win/share/cmake-3.15/Modules/CMakeDetermineCXXCompiler.cmake:111 (CMAKE_DETERMINE_COMPILER_ID)
  CMakeLists.txt:3 (project)


CMake Error at C:/Program Files/JetBrains/CLion 2019.3.5/bin/cmake/win/share/cmake-3.15/Modules/CMakeDetermineCompilerId.cmake:737 (file):
  file failed to open for reading (No such file or directory):

    C:/Users/rache/Desktop/UTP life/IV aÃ±o/1Â° Semestre/ComputaciÃ³n grÃ¡fica/paisaje/cmake-build-debug/CMakeFiles/3.15.3/CompilerIdCXX/a.exe
Call Stack (most recent call first):
  C:/Program Files/JetBrains/CLion 2019.3.5/bin/cmake/win/share/cmake-3.15/Modules/CMakeDetermineCompilerId.cmake:38 (CMAKE_DETERMINE_COMPILER_ID_CHECK)
  C:/Program Files/JetBrains/CLion 2019.3.5/bin/cmake/win/share/cmake-3.15/Modules/CMakeDetermineCXXCompiler.cmake:111 (CMAKE_DETERMINE_COMPILER_ID)
  CMakeLists.txt:3 (project)


-- The CXX compiler identification is GNU 9.2.0
-- Check for working C compiler: C:/MinGW/bin/gcc.exe
-- Check for working C compiler: C:/MinGW/bin/gcc.exe -- broken
CMake Error at C:/Program Files/JetBrains/CLion 2019.3.5/bin/cmake/win/share/cmake-3.15/Modules/CMakeTestCCompiler.cmake:60 (message):
  The C compiler

    "C:/MinGW/bin/gcc.exe"

  is not able to compile a simple test program.

  It fails with the following output:

    Change Dir: C:/Users/rache/Desktop/UTP life/IV aÃ±o/1Â° Semestre/ComputaciÃ³n grÃ¡fica/paisaje/cmake-build-debug/CMakeFiles/CMakeTmp
    
    Run Build Command(s):C:/MinGW/bin/mingw32-make.exe cmTC_cf93f/fast && C:/MinGW/bin/mingw32-make.exe -f CMakeFiles\cmTC_cf93f.dir\build.make CMakeFiles/cmTC_cf93f.dir/build
    mingw32-make.exe[1]: Entering directory 'C:/Users/rache/Desktop/UTP life/IV aÂ±o/1â–‘ Semestre/Computaciâ‰¤n grÃŸfica/paisaje/cmake-build-debug/CMakeFiles/CMakeTmp'
    Building C object CMakeFiles/cmTC_cf93f.dir/testCCompiler.c.obj
    C:\MinGW\bin\gcc.exe    -o CMakeFiles\cmTC_cf93f.dir\testCCompiler.c.obj   -c "C:\Users\rache\Desktop\UTP life\IV aâ”œâ–’o\1â”¬â–‘ Semestre\Computaciâ”œâ”‚n grâ”œÃ­fica\paisaje\cmake-build-debug\CMakeFiles\CMakeTmp\testCCompiler.c"
    gcc.exe: error: C:\Users\rache\Desktop\UTP life\IV a+Âªo\1-Âª Semestre\Computaci+Âªn gr+Ï†fica\paisaje\cmake-build-debug\CMakeFiles\CMakeTmp\testCCompiler.c: No such file or directory
    gcc.exe: fatal error: no input files
    compilation terminated.
    CMakeFiles\cmTC_cf93f.dir\build.make:64: recipe for target 'CMakeFiles/cmTC_cf93f.dir/testCCompiler.c.obj' failed
    mingw32-make.exe[1]: *** [CMakeFiles/cmTC_cf93f.dir/testCCompiler.c.obj] Error 1
    mingw32-make.exe[1]: Leaving directory 'C:/Users/rache/Desktop/UTP life/IV aÂ±o/1â–‘ Semestre/Computaciâ‰¤n grÃŸfica/paisaje/cmake-build-debug/CMakeFiles/CMakeTmp'
    Makefile:120: recipe for target 'cmTC_cf93f/fast' failed
    mingw32-make.exe: *** [cmTC_cf93f/fast] Error 2
    
    

  

  CMake will not be able to correctly generate this project.
Call Stack (most recent call first):
  CMakeLists.txt:3 (project)


-- Configuring incomplete, errors occurred!
See also "C:/Users/rache/Desktop/UTP life/IV aÃ±o/1Â° Semestre/ComputaciÃ³n grÃ¡fica/paisaje/cmake-build-debug/CMakeFiles/CMakeOutput.log".
See also "C:/Users/rache/Desktop/UTP life/IV aÃ±o/1Â° Semestre/ComputaciÃ³n grÃ¡fica/paisaje/cmake-build-debug/CMakeFiles/CMakeError.log".

CMake Error:
  --------------------------------------------------------------------------------------------
  Antivirus software might have incorrectly identified files generated by CMake as malicious.
  To workaround this problem, please exclude the project dir and 'C:\MinGW' from the scanning.
  --------------------------------------------------------------------------------------------
